<?xml version="1.0" encoding="UTF-8"?>
<coverage generated="1723199340799" clover="3.2.0">
  <project timestamp="1723199340799" name="All files">
    <metrics statements="13" coveredstatements="12" conditionals="0" coveredconditionals="0" methods="5" coveredmethods="4" elements="18" coveredelements="16" complexity="0" loc="13" ncloc="13" packages="1" files="1" classes="1"/>
    <file name="script.js" path="C:\Users\DELL\Desktop\user managemet\script.js">
      <metrics statements="13" coveredstatements="12" conditionals="0" coveredconditionals="0" methods="5" coveredmethods="4"/>
      <line num="4" count="3" type="stmt"/>
      <line num="5" count="3" type="stmt"/>
      <line num="6" count="3" type="stmt"/>
      <line num="7" count="3" type="stmt"/>
      <line num="9" count="3" type="stmt"/>
      <line num="10" count="2" type="stmt"/>
      <line num="31" count="2" type="stmt"/>
      <line num="32" count="2" type="stmt"/>
      <line num="37" count="3" type="stmt"/>
      <line num="38" count="1" type="stmt"/>
      <line num="44" count="4" type="stmt"/>
      <line num="45" count="0" type="stmt"/>
      <line num="47" count="4" type="stmt"/>
    </file>
  </project>
</coverage>
