{"C:\\Users\\DELL\\Desktop\\user managemet\\script.js": {"path":"C:\\Users\\DELL\\Desktop\\user managemet\\script.js","statementMap":{"0":{"start":{"line":4,"column":20},"end":{"line":4,"column":55}},"1":{"start":{"line":5,"column":20},"end":{"line":5,"column":54}},"2":{"start":{"line":6,"column":22},"end":{"line":6,"column":59}},"3":{"start":{"line":7,"column":21},"end":{"line":7,"column":57}},"4":{"start":{"line":9,"column":4},"end":{"line":35,"column":7}},"5":{"start":{"line":10,"column":8},"end":{"line":28,"column":10}},"6":{"start":{"line":31,"column":8},"end":{"line":34,"column":11}},"7":{"start":{"line":32,"column":12},"end":{"line":32,"column":46}},"8":{"start":{"line":37,"column":3},"end":{"line":39,"column":3}},"9":{"start":{"line":38,"column":4},"end":{"line":38,"column":37}},"10":{"start":{"line":44,"column":0},"end":{"line":46,"column":3}},"11":{"start":{"line":45,"column":4},"end":{"line":45,"column":26}},"12":{"start":{"line":47,"column":0},"end":{"line":49,"column":2}}},"fnMap":{"0":{"name":"setupEventListeners","decl":{"start":{"line":3,"column":9},"end":{"line":3,"column":28}},"loc":{"start":{"line":3,"column":31},"end":{"line":41,"column":1}},"line":3},"1":{"name":"(anonymous_1)","decl":{"start":{"line":9,"column":38},"end":{"line":9,"column":39}},"loc":{"start":{"line":9,"column":44},"end":{"line":35,"column":5}},"line":9},"2":{"name":"(anonymous_2)","decl":{"start":{"line":31,"column":74},"end":{"line":31,"column":75}},"loc":{"start":{"line":31,"column":80},"end":{"line":34,"column":9}},"line":31},"3":{"name":"(anonymous_3)","decl":{"start":{"line":37,"column":38},"end":{"line":37,"column":39}},"loc":{"start":{"line":37,"column":44},"end":{"line":39,"column":1}},"line":37},"4":{"name":"(anonymous_4)","decl":{"start":{"line":44,"column":46},"end":{"line":44,"column":47}},"loc":{"start":{"line":44,"column":52},"end":{"line":46,"column":1}},"line":44}},"branchMap":{},"s":{"0":3,"1":3,"2":3,"3":3,"4":3,"5":2,"6":2,"7":2,"8":3,"9":1,"10":4,"11":0,"12":4},"f":{"0":3,"1":2,"2":2,"3":1,"4":0},"b":{},"_coverageSchema":"1a1c01bbd47fc00a2c39e90264f33305004495a9","hash":"c631e0e5e90b2c513cba6b38049ed24b4858165e"}
}
